  [4;36;1mSQL (0.0ms)[0m   [0;1mSET client_min_messages TO 'panic'[0m
  [4;35;1mSQL (0.0ms)[0m   [0mSET standard_conforming_strings = on[0m
  [4;36;1mSQL (0.0ms)[0m   [0;1mSET client_min_messages TO 'notice'[0m
  [4;35;1mSQL (1.8ms)[0m   [0mCREATE TABLE "schema_migrations" ("version" character varying(255) NOT NULL) [0m
  [4;36;1mSQL (12.0ms)[0m   [0;1mCREATE UNIQUE INDEX "unique_schema_migrations" ON "schema_migrations" ("version")[0m
  [4;35;1mSQL (0.1ms)[0m   [0mSELECT version FROM schema_migrations[0m
Migrating to CreateSnapshots (20110523212110)
  [4;36;1mSQL (0.0ms)[0m   [0;1mBEGIN[0m
  [4;35;1mSQL (7.2ms)[0m   [0mCREATE TABLE "snapshots" ("id" serial primary key, "code" character varying(255), "picture_link" character varying(255), "message" text, "seen" boolean, "created_at" timestamp, "updated_at" timestamp) [0m
  [4;36;1mSQL (0.2ms)[0m   [0;1mINSERT INTO schema_migrations (version) VALUES ('20110523212110')[0m
  [4;35;1mSQL (1.6ms)[0m   [0mCOMMIT[0m
  [4;36;1mSQL (0.5ms)[0m   [0;1mSELECT version FROM schema_migrations[0m
  [4;36;1mSQL (0.0ms)[0m   [0;1mSET client_min_messages TO 'panic'[0m
  [4;35;1mSQL (0.1ms)[0m   [0mSET standard_conforming_strings = on[0m
  [4;36;1mSQL (0.0ms)[0m   [0;1mSET client_min_messages TO 'notice'[0m


Processing ApplicationController#index (for 127.0.0.1 at 2011-05-23 23:04:34) [GET]

ActionController::RoutingError (No route matches "/" with {:method=>:get}):
  /usr/lib/ruby/1.8/webrick/httpserver.rb:104:in `service'
  /usr/lib/ruby/1.8/webrick/httpserver.rb:65:in `run'
  /usr/lib/ruby/1.8/webrick/server.rb:173:in `start_thread'
  /usr/lib/ruby/1.8/webrick/server.rb:162:in `start'
  /usr/lib/ruby/1.8/webrick/server.rb:162:in `start_thread'
  /usr/lib/ruby/1.8/webrick/server.rb:95:in `start'
  /usr/lib/ruby/1.8/webrick/server.rb:92:in `each'
  /usr/lib/ruby/1.8/webrick/server.rb:92:in `start'
  /usr/lib/ruby/1.8/webrick/server.rb:23:in `start'
  /usr/lib/ruby/1.8/webrick/server.rb:82:in `start'

Rendering rescues/layout (not_found)
  [4;35;1mSQL (0.0ms)[0m   [0mSET client_min_messages TO 'panic'[0m
  [4;36;1mSQL (0.0ms)[0m   [0;1mSET standard_conforming_strings = on[0m
  [4;35;1mSQL (0.0ms)[0m   [0mSET client_min_messages TO 'notice'[0m


Processing HomeController#index (for 127.0.0.1 at 2011-05-23 23:05:03) [GET]
Rendering template within layouts/application
Rendering home/index
Completed in 22ms (View: 21, DB: 0) | 200 OK [http://0.0.0.0/]
  [4;36;1mSQL (0.0ms)[0m   [0;1mSET client_min_messages TO 'panic'[0m
  [4;35;1mSQL (0.0ms)[0m   [0mSET standard_conforming_strings = on[0m
  [4;36;1mSQL (0.0ms)[0m   [0;1mSET client_min_messages TO 'notice'[0m


Processing SnapshotController#welcome (for 127.0.0.1 at 2011-05-23 23:19:09) [GET]
Rendering template within layouts/application
Rendering snapshot/welcome
Completed in 21ms (View: 20, DB: 0) | 200 OK [http://0.0.0.0/]
  [4;35;1mSQL (0.0ms)[0m   [0mSET client_min_messages TO 'panic'[0m
  [4;36;1mSQL (0.0ms)[0m   [0;1mSET standard_conforming_strings = on[0m
  [4;35;1mSQL (0.0ms)[0m   [0mSET client_min_messages TO 'notice'[0m


Processing SnapshotController#welcome (for 127.0.0.1 at 2011-05-23 23:20:26) [GET]
Rendering template within layouts/application
Rendering snapshot/welcome
Completed in 4ms (View: 3, DB: 0) | 200 OK [http://0.0.0.0/]
  [4;36;1mSQL (0.0ms)[0m   [0;1mSET client_min_messages TO 'panic'[0m
  [4;35;1mSQL (0.0ms)[0m   [0mSET standard_conforming_strings = on[0m
  [4;36;1mSQL (0.0ms)[0m   [0;1mSET client_min_messages TO 'notice'[0m
  [4;35;1mSQL (0.2ms)[0m   [0mSELECT version FROM schema_migrations[0m
Migrating to CreateSnapshots (20110523212110)
Migrating to AddTitleToSnapshots (20110523224816)
  [4;36;1mSQL (0.0ms)[0m   [0;1mBEGIN[0m
  [4;35;1mSQL (0.5ms)[0m   [0mALTER TABLE "snapshots" ADD COLUMN "title" character varying(255)[0m
  [4;36;1mSQL (0.1ms)[0m   [0;1mINSERT INTO schema_migrations (version) VALUES ('20110523224816')[0m
  [4;35;1mSQL (2.4ms)[0m   [0mCOMMIT[0m
  [4;36;1mSQL (0.1ms)[0m   [0;1mSELECT version FROM schema_migrations[0m
  [4;36;1mSQL (0.0ms)[0m   [0;1mSET client_min_messages TO 'panic'[0m
  [4;35;1mSQL (0.0ms)[0m   [0mSET standard_conforming_strings = on[0m
  [4;36;1mSQL (0.0ms)[0m   [0;1mSET client_min_messages TO 'notice'[0m


Processing SnapshotController#view (for 127.0.0.1 at 2011-05-23 23:56:14) [GET]
  Parameters: {"commit"=>"Go", "code"=>"jfk"}
  [4;35;1mSnapshot Load (5.4ms)[0m   [0mSELECT * FROM "snapshots" WHERE (code = 'jfk') [0m
Redirected to http://0.0.0.0:3000/
Completed in 8ms (DB: 6) | 302 Found [http://0.0.0.0/snapshot/view?code=jfk&commit=Go]
  [4;36;1mSQL (0.0ms)[0m   [0;1mSET client_min_messages TO 'panic'[0m
  [4;35;1mSQL (0.0ms)[0m   [0mSET standard_conforming_strings = on[0m
  [4;36;1mSQL (0.0ms)[0m   [0;1mSET client_min_messages TO 'notice'[0m


Processing SnapshotController#welcome (for 127.0.0.1 at 2011-05-23 23:56:14) [GET]
Rendering template within layouts/application
Rendering snapshot/welcome
Completed in 4ms (View: 3, DB: 0) | 200 OK [http://0.0.0.0/]
  [4;35;1mSQL (0.0ms)[0m   [0mSET client_min_messages TO 'panic'[0m
  [4;36;1mSQL (0.0ms)[0m   [0;1mSET standard_conforming_strings = on[0m
  [4;35;1mSQL (0.0ms)[0m   [0mSET client_min_messages TO 'notice'[0m


Processing SnapshotController#welcome (for 127.0.0.1 at 2011-05-23 23:56:38) [GET]
Rendering template within layouts/application
Rendering snapshot/welcome
Completed in 5ms (View: 4, DB: 0) | 200 OK [http://0.0.0.0/]
  [4;36;1mSQL (0.0ms)[0m   [0;1mSET client_min_messages TO 'panic'[0m
  [4;35;1mSQL (0.0ms)[0m   [0mSET standard_conforming_strings = on[0m
  [4;36;1mSQL (0.0ms)[0m   [0;1mSET client_min_messages TO 'notice'[0m


Processing SnapshotController#view (for 127.0.0.1 at 2011-05-23 23:56:42) [GET]
  Parameters: {"commit"=>"Go", "code"=>"Blah!"}
  [4;35;1mSnapshot Load (1.2ms)[0m   [0mSELECT * FROM "snapshots" WHERE (code = 'Blah!') [0m
Redirected to http://0.0.0.0:3000/
Completed in 4ms (DB: 1) | 302 Found [http://0.0.0.0/snapshot/view?code=Blah%21&commit=Go]
  [4;36;1mSQL (0.0ms)[0m   [0;1mSET client_min_messages TO 'panic'[0m
  [4;35;1mSQL (0.0ms)[0m   [0mSET standard_conforming_strings = on[0m
  [4;36;1mSQL (0.0ms)[0m   [0;1mSET client_min_messages TO 'notice'[0m


Processing SnapshotController#welcome (for 127.0.0.1 at 2011-05-23 23:56:42) [GET]
Rendering template within layouts/application
Rendering snapshot/welcome
Completed in 2ms (View: 1, DB: 0) | 200 OK [http://0.0.0.0/]
